AA:AA0,BB-5
BB:AA-5,CC4,BB0
CC:CC0,AA-1,BB4
-----
AA:AA0,CC-1,BB-5
BB:AA-5,CC-6,BB0
CC:CC0,AA-1,BB4
-----
AA:AA0,CC-11,BB-5
BB:AA-5,CC-16,BB0
CC:CC0,AA-1,BB4
-----
AA:AA0,CC-21,BB-5
BB:AA-5,CC-26,BB0
CC:CC0,AA-1,BB4
-----
AA:AA0,CC-31,BB-5
BB:AA-5,CC-36,BB0
CC:CC0,AA-1,BB4
-----
AA:AA0,CC-41,BB-5
BB:AA-5,CC-46,BB0
CC:CC0,AA-1,BB4
-----
AA:AA0,CC-51,BB-5
BB:AA-5,CC-56,BB0
CC:CC0,AA-1,BB4
-----
AA:AA0,CC-61,BB-5
BB:AA-5,CC-66,BB0
CC:CC0,AA-1,BB4
-----
AA:AA0,CC-71,BB-5
BB:AA-5,CC-76,BB0
CC:CC0,AA-1,BB4
-----
AA:AA0,CC-81,BB-5
BB:AA-5,CC-86,BB0
CC:CC0,AA-1,BB4
-----
AA:AA0,CC-91,BB-5
BB:AA-5,CC-96,BB0
CC:CC0,AA-1,BB4
-----
AA:AA0,CC-99,BB-5
BB:AA-5,CC-99,BB0
CC:CC0,AA-1,BB4
-----
AA:AA0,CC-99,BB-5
BB:AA-5,CC-99,BB0
CC:CC0,AA-1,BB4
-----
